 
****************************************
Report : area
Design : counter
Version: W-2024.09-SP3
Date   : Thu Jul  3 15:22:54 2025
****************************************

Information: Updating design information... (UID-85)
Library(s) Used:

    saed14rvt_ff0p88v125c (File: /home/Khach123/Documents/Nguyen/me_labs/liberty/saed14rvt_ff0p88v125c.db)

Number of ports:                           27
Number of nets:                            50
Number of cells:                           26
Number of combinational cells:             17
Number of sequential cells:                 8
Number of macros/black boxes:               0
Number of buf/inv:                          2
Number of references:                       4

Combinational area:                  8.347200
Buf/Inv area:                        0.355200
Noncombinational area:               8.524800
Macro/Black Box area:                0.000000
Net Interconnect area:               8.254245

Total cell area:                    16.872000
Total area:                         25.126245
1
