 
****************************************
Report : area
Design : Bit_Stream
Version: W-2024.09-SP3
Date   : Thu Jul 17 09:54:32 2025
****************************************

Information: Updating design information... (UID-85)
Library(s) Used:

    saed14rvt_ff0p88v125c (File: /home/Khach123/Documents/Nguyen/me_labs/liberty/saed14rvt_ff0p88v125c.db)

Number of ports:                            7
Number of nets:                            20
Number of cells:                           17
Number of combinational cells:              9
Number of sequential cells:                 8
Number of macros/black boxes:               0
Number of buf/inv:                          2
Number of references:                       9

Combinational area:                  2.619600
Buf/Inv area:                        0.355200
Noncombinational area:               8.524800
Macro/Black Box area:                0.000000
Net Interconnect area:               5.320571

Total cell area:                    11.144400
Total area:                         16.464972
1
